<?xml version="1.0" encoding="UTF-8"?>
<!-- Generated by org.testng.reporters.JUnitReportReporter -->
<testsuite skipped="0" hostname="DESKTOP-CFOVK35" name="com.demoblaze.tests.DemoblazeClass" tests="10" failures="0" timestamp="2022-01-19T19:07:21 AMT" time="76.881" errors="0">
  <testcase name="openPage" time="5.743" classname="com.demoblaze.tests.DemoblazeClass"/>
  <system-out/>
  <testcase name="sign_up" time="9.402" classname="com.demoblaze.tests.DemoblazeClass"/>
  <system-out/>
  <testcase name="log_in" time="8.062" classname="com.demoblaze.tests.DemoblazeClass"/>
  <system-out/>
  <testcase name="enter_homepage" time="7.486" classname="com.demoblaze.tests.DemoblazeClass"/>
  <system-out/>
  <testcase name="send_contacts" time="7.216" classname="com.demoblaze.tests.DemoblazeClass"/>
  <system-out/>
  <testcase name="using_About_us" time="6.063" classname="com.demoblaze.tests.DemoblazeClass"/>
  <system-out/>
  <testcase name="enter_Cart" time="8.752" classname="com.demoblaze.tests.DemoblazeClass"/>
  <system-out/>
  <testcase name="add_item_to_Cart" time="7.930" classname="com.demoblaze.tests.DemoblazeClass"/>
  <system-out/>
  <testcase name="delete_item_from_Cart" time="8.177" classname="com.demoblaze.tests.DemoblazeClass"/>
  <system-out/>
  <testcase name="order_item" time="8.050" classname="com.demoblaze.tests.DemoblazeClass"/>
  <system-out/>
</testsuite> <!-- com.demoblaze.tests.DemoblazeClass -->
