<?xml version="1.0" encoding="UTF-8"?>
<!-- Generated by org.testng.reporters.JUnitReportReporter -->
<testsuite skipped="0" hostname="DESKTOP-CFOVK35" name="com.demoblaze.tests.DemoblazeClass" tests="10" failures="0" timestamp="2022-01-19T17:26:18 AMT" time="73.830" errors="0">
  <testcase name="openPage" time="5.228" classname="com.demoblaze.tests.DemoblazeClass"/>
  <system-out/>
  <testcase name="sign_up" time="9.448" classname="com.demoblaze.tests.DemoblazeClass"/>
  <system-out/>
  <testcase name="log_in" time="6.910" classname="com.demoblaze.tests.DemoblazeClass"/>
  <system-out/>
  <testcase name="enter_homepage" time="6.383" classname="com.demoblaze.tests.DemoblazeClass"/>
  <system-out/>
  <testcase name="send_contacts" time="7.970" classname="com.demoblaze.tests.DemoblazeClass"/>
  <system-out/>
  <testcase name="using_About_us" time="6.048" classname="com.demoblaze.tests.DemoblazeClass"/>
  <system-out/>
  <testcase name="enter_Cart" time="6.359" classname="com.demoblaze.tests.DemoblazeClass"/>
  <system-out/>
  <testcase name="add_item_to_Cart" time="10.199" classname="com.demoblaze.tests.DemoblazeClass"/>
  <system-out/>
  <testcase name="delete_item_from_Cart" time="8.213" classname="com.demoblaze.tests.DemoblazeClass"/>
  <system-out/>
  <testcase name="order_item" time="7.072" classname="com.demoblaze.tests.DemoblazeClass"/>
  <system-out/>
</testsuite> <!-- com.demoblaze.tests.DemoblazeClass -->
